<?xml version="1.0" encoding="UTF-8"?>
<testng-results ignored="0" total="13" passed="12" failed="1" skipped="0">
  <reporter-output>
  </reporter-output>
  <suite started-at="2023-03-30T11:32:26 IST" name="Suite1" finished-at="2023-03-30T11:32:28 IST" duration-ms="1573">
    <groups>
      <group name="get">
        <method signature="RestApi.Test1()[pri:1, instance:com.test.prince.RestApi@793be5ca]" name="Test1" class="com.test.prince.RestApi"/>
        <method signature="RestApi.Test2()[pri:2, instance:com.test.prince.RestApi@793be5ca]" name="Test2" class="com.test.prince.RestApi"/>
        <method signature="RestApi.Test3()[pri:3, instance:com.test.prince.RestApi@793be5ca]" name="Test3" class="com.test.prince.RestApi"/>
        <method signature="RestApi.Test4()[pri:4, instance:com.test.prince.RestApi@793be5ca]" name="Test4" class="com.test.prince.RestApi"/>
        <method signature="RestApi.Test5()[pri:5, instance:com.test.prince.RestApi@793be5ca]" name="Test5" class="com.test.prince.RestApi"/>
        <method signature="RestApi.Test6()[pri:6, instance:com.test.prince.RestApi@793be5ca]" name="Test6" class="com.test.prince.RestApi"/>
      </group> <!-- get -->
      <group name="get.api_1">
        <method signature="RestApi.getTest1()[pri:1, instance:com.test.rishabh.RestApi@4a7f959b]" name="getTest1" class="com.test.rishabh.RestApi"/>
        <method signature="RestApi.getTest2()[pri:2, instance:com.test.rishabh.RestApi@4a7f959b]" name="getTest2" class="com.test.rishabh.RestApi"/>
        <method signature="RestApi.getTest3()[pri:3, instance:com.test.rishabh.RestApi@4a7f959b]" name="getTest3" class="com.test.rishabh.RestApi"/>
        <method signature="RestApi.getTest4()[pri:4, instance:com.test.rishabh.RestApi@4a7f959b]" name="getTest4" class="com.test.rishabh.RestApi"/>
        <method signature="RestApi.getTest5()[pri:5, instance:com.test.rishabh.RestApi@4a7f959b]" name="getTest5" class="com.test.rishabh.RestApi"/>
        <method signature="RestApi.getTest6()[pri:6, instance:com.test.rishabh.RestApi@4a7f959b]" name="getTest6" class="com.test.rishabh.RestApi"/>
      </group> <!-- get.api_1 -->
      <group name="get.api_2">
        <method signature="RestApi.getTest7()[pri:7, instance:com.test.rishabh.RestApi@4a7f959b]" name="getTest7" class="com.test.rishabh.RestApi"/>
      </group> <!-- get.api_2 -->
    </groups>
    <test started-at="2023-03-30T11:32:26 IST" name="Test Demo" finished-at="2023-03-30T11:32:28 IST" duration-ms="1573">
      <class name="com.test.rishabh.RestApi">
        <test-method signature="getTest1()[pri:1, instance:com.test.rishabh.RestApi@4a7f959b]" started-at="2023-03-30T11:32:27 IST" name="getTest1" finished-at="2023-03-30T11:32:27 IST" duration-ms="48" status="PASS">
          <reporter-output>
          </reporter-output>
        </test-method> <!-- getTest1 -->
        <test-method signature="getTest2()[pri:2, instance:com.test.rishabh.RestApi@4a7f959b]" started-at="2023-03-30T11:32:27 IST" name="getTest2" finished-at="2023-03-30T11:32:27 IST" duration-ms="48" status="PASS">
          <reporter-output>
          </reporter-output>
        </test-method> <!-- getTest2 -->
        <test-method signature="getTest3()[pri:3, instance:com.test.rishabh.RestApi@4a7f959b]" started-at="2023-03-30T11:32:27 IST" name="getTest3" finished-at="2023-03-30T11:32:27 IST" duration-ms="51" status="PASS">
          <reporter-output>
          </reporter-output>
        </test-method> <!-- getTest3 -->
        <test-method signature="getTest4()[pri:4, instance:com.test.rishabh.RestApi@4a7f959b]" started-at="2023-03-30T11:32:27 IST" name="getTest4" finished-at="2023-03-30T11:32:27 IST" duration-ms="45" status="PASS">
          <reporter-output>
          </reporter-output>
        </test-method> <!-- getTest4 -->
        <test-method signature="getTest5()[pri:5, instance:com.test.rishabh.RestApi@4a7f959b]" started-at="2023-03-30T11:32:27 IST" name="getTest5" finished-at="2023-03-30T11:32:27 IST" duration-ms="50" status="PASS">
          <reporter-output>
          </reporter-output>
        </test-method> <!-- getTest5 -->
        <test-method signature="getTest6()[pri:6, instance:com.test.rishabh.RestApi@4a7f959b]" started-at="2023-03-30T11:32:27 IST" name="getTest6" finished-at="2023-03-30T11:32:28 IST" duration-ms="49" status="PASS">
          <reporter-output>
          </reporter-output>
        </test-method> <!-- getTest6 -->
        <test-method signature="getTest7()[pri:7, instance:com.test.rishabh.RestApi@4a7f959b]" started-at="2023-03-30T11:32:28 IST" name="getTest7" finished-at="2023-03-30T11:32:28 IST" duration-ms="41" status="PASS">
          <reporter-output>
          </reporter-output>
        </test-method> <!-- getTest7 -->
      </class> <!-- com.test.rishabh.RestApi -->
      <class name="com.test.prince.RestApi">
        <test-method signature="Test1()[pri:1, instance:com.test.prince.RestApi@793be5ca]" started-at="2023-03-30T11:32:26 IST" name="Test1" finished-at="2023-03-30T11:32:27 IST" duration-ms="816" status="PASS">
          <reporter-output>
          </reporter-output>
        </test-method> <!-- Test1 -->
        <test-method signature="Test2()[pri:2, instance:com.test.prince.RestApi@793be5ca]" started-at="2023-03-30T11:32:27 IST" name="Test2" finished-at="2023-03-30T11:32:27 IST" duration-ms="176" status="PASS">
          <reporter-output>
          </reporter-output>
        </test-method> <!-- Test2 -->
        <test-method signature="Test3()[pri:3, instance:com.test.prince.RestApi@793be5ca]" started-at="2023-03-30T11:32:27 IST" name="Test3" finished-at="2023-03-30T11:32:27 IST" duration-ms="67" status="FAIL">
          <exception class="java.lang.AssertionError">
            <message>
              <![CDATA[external_id value is not matched expected [SBI] but found [ICICI]]]>
            </message>
            <full-stacktrace>
              <![CDATA[java.lang.AssertionError: external_id value is not matched expected [SBI] but found [ICICI]
at org.testng.Assert.fail(Assert.java:110)
at org.testng.Assert.failNotEquals(Assert.java:1577)
at org.testng.Assert.assertEqualsImpl(Assert.java:149)
at org.testng.Assert.assertEquals(Assert.java:131)
at com.test.prince.RestApi.verifyJsonObejct(RestApi.java:34)
at com.test.prince.RestApi.Test3(RestApi.java:120)
at java.base/jdk.internal.reflect.NativeMethodAccessorImpl.invoke0(Native Method)
at java.base/jdk.internal.reflect.NativeMethodAccessorImpl.invoke(NativeMethodAccessorImpl.java:62)
at java.base/jdk.internal.reflect.DelegatingMethodAccessorImpl.invoke(DelegatingMethodAccessorImpl.java:43)
at java.base/java.lang.reflect.Method.invoke(Method.java:566)
at org.testng.internal.invokers.MethodInvocationHelper.invokeMethod(MethodInvocationHelper.java:139)
at org.testng.internal.invokers.TestInvoker.invokeMethod(TestInvoker.java:677)
at org.testng.internal.invokers.TestInvoker.invokeTestMethod(TestInvoker.java:221)
at org.testng.internal.invokers.MethodRunner.runInSequence(MethodRunner.java:50)
at org.testng.internal.invokers.TestInvoker$MethodInvocationAgent.invoke(TestInvoker.java:969)
at org.testng.internal.invokers.TestInvoker.invokeTestMethods(TestInvoker.java:194)
at org.testng.internal.invokers.TestMethodWorker.invokeTestMethods(TestMethodWorker.java:148)
at org.testng.internal.invokers.TestMethodWorker.run(TestMethodWorker.java:128)
at java.base/java.util.ArrayList.forEach(ArrayList.java:1541)
at org.testng.TestRunner.privateRun(TestRunner.java:829)
at org.testng.TestRunner.run(TestRunner.java:602)
at org.testng.SuiteRunner.runTest(SuiteRunner.java:437)
at org.testng.SuiteRunner.runSequentially(SuiteRunner.java:431)
at org.testng.SuiteRunner.privateRun(SuiteRunner.java:391)
at org.testng.SuiteRunner.run(SuiteRunner.java:330)
at org.testng.SuiteRunnerWorker.runSuite(SuiteRunnerWorker.java:52)
at org.testng.SuiteRunnerWorker.run(SuiteRunnerWorker.java:95)
at org.testng.TestNG.runSuitesSequentially(TestNG.java:1256)
at org.testng.TestNG.runSuitesLocally(TestNG.java:1176)
at org.testng.TestNG.runSuites(TestNG.java:1099)
at org.testng.TestNG.run(TestNG.java:1067)
at com.intellij.rt.testng.IDEARemoteTestNG.run(IDEARemoteTestNG.java:66)
at com.intellij.rt.testng.RemoteTestNGStarter.main(RemoteTestNGStarter.java:109)
]]>
            </full-stacktrace>
          </exception> <!-- java.lang.AssertionError -->
          <reporter-output>
          </reporter-output>
        </test-method> <!-- Test3 -->
        <test-method signature="Test4()[pri:4, instance:com.test.prince.RestApi@793be5ca]" started-at="2023-03-30T11:32:27 IST" name="Test4" finished-at="2023-03-30T11:32:27 IST" duration-ms="51" status="PASS">
          <reporter-output>
          </reporter-output>
        </test-method> <!-- Test4 -->
        <test-method signature="Test5()[pri:5, instance:com.test.prince.RestApi@793be5ca]" started-at="2023-03-30T11:32:27 IST" name="Test5" finished-at="2023-03-30T11:32:27 IST" duration-ms="44" status="PASS">
          <reporter-output>
          </reporter-output>
        </test-method> <!-- Test5 -->
        <test-method signature="Test6()[pri:6, instance:com.test.prince.RestApi@793be5ca]" started-at="2023-03-30T11:32:27 IST" name="Test6" finished-at="2023-03-30T11:32:27 IST" duration-ms="50" status="PASS">
          <reporter-output>
          </reporter-output>
        </test-method> <!-- Test6 -->
      </class> <!-- com.test.prince.RestApi -->
    </test> <!-- Test Demo -->
  </suite> <!-- Suite1 -->
</testng-results>
